<?xml version="1.0" encoding="UTF-8"?>
<robot generator="Robot 6.1 (Python 3.11.4 on win32)" generated="20230707 14:03:55.848" rpa="false" schemaversion="4">
<suite id="s1" name="Test1" source="C:\Users\molka\PycharmProjects\MiniProjectDevops\TestCase\test1.robot">
<test id="s1-t1" name="TEST" line="11">
<kw name="Open Browser" library="SeleniumLibrary">
<arg>url=https://www.orangehrm.com/</arg>
<arg>browser=chrome</arg>
<doc>Opens a new browser instance to the optional ``url``.</doc>
<msg timestamp="20230707 14:03:56.081" level="INFO">Opening browser 'chrome' to base url 'https://www.orangehrm.com/'.</msg>
<msg timestamp="20230707 14:03:56.085" level="INFO">Applicable driver not found; attempting to install with Selenium Manager (Beta)</msg>
<status status="PASS" starttime="20230707 14:03:56.080" endtime="20230707 14:04:11.295"/>
</kw>
<kw name="Maximize Browser Window" library="SeleniumLibrary">
<doc>Maximizes current browser window.</doc>
<status status="PASS" starttime="20230707 14:04:11.296" endtime="20230707 14:04:11.420"/>
</kw>
<kw name="Click Element" library="SeleniumLibrary">
<arg>xpath=//input[@id='Form_submitForm_action_request']</arg>
<doc>Click the element identified by ``locator``.</doc>
<msg timestamp="20230707 14:04:11.422" level="INFO">Clicking element 'xpath=//input[@id='Form_submitForm_action_request']'.</msg>
<status status="PASS" starttime="20230707 14:04:11.420" endtime="20230707 14:04:18.075"/>
</kw>
<kw name="Get WebElement" library="SeleniumLibrary">
<arg>xpath=//h4[contains(text(),'Experience the power of OrangeHRM at your fingerti')]</arg>
<doc>Returns the first WebElement matching the given ``locator``.</doc>
<status status="PASS" starttime="20230707 14:04:18.076" endtime="20230707 14:04:18.093"/>
</kw>
<kw name="Get Text" library="SeleniumLibrary">
<var>${element}</var>
<arg>xpath=//h4[contains(text(),'Experience the power of OrangeHRM at your fingerti')]</arg>
<doc>Returns the text value of the element identified by ``locator``.</doc>
<msg timestamp="20230707 14:04:18.121" level="INFO">${element} = Experience the power of OrangeHRM at your fingertips.</msg>
<status status="PASS" starttime="20230707 14:04:18.094" endtime="20230707 14:04:18.121"/>
</kw>
<kw name="Log" library="BuiltIn">
<arg>${element}</arg>
<doc>Logs the given message with the given level.</doc>
<msg timestamp="20230707 14:04:18.122" level="INFO">Experience the power of OrangeHRM at your fingertips.</msg>
<status status="PASS" starttime="20230707 14:04:18.121" endtime="20230707 14:04:18.122"/>
</kw>
<kw name="Log To Console" library="BuiltIn">
<arg>${element}</arg>
<doc>Logs the given message to the console.</doc>
<status status="PASS" starttime="20230707 14:04:18.122" endtime="20230707 14:04:18.123"/>
</kw>
<status status="PASS" starttime="20230707 14:03:56.080" endtime="20230707 14:04:18.123"/>
</test>
<status status="PASS" starttime="20230707 14:03:55.850" endtime="20230707 14:04:18.125"/>
</suite>
<statistics>
<total>
<stat pass="1" fail="0" skip="0">All Tests</stat>
</total>
<tag>
</tag>
<suite>
<stat pass="1" fail="0" skip="0" id="s1" name="Test1">Test1</stat>
</suite>
</statistics>
<errors>
</errors>
</robot>
