<?xml version="1.0" encoding="UTF-8"?>
<robot generator="Robot 6.1 (Python 3.11.4 on win32)" generated="20230707 14:27:18.137" rpa="false" schemaversion="4">
<suite id="s1" name="TestCases" source="C:\Users\moham\PycharmProjects\MiniProjectDevops\TestCases">
<suite id="s1-s1" name="TestCase" source="C:\Users\moham\PycharmProjects\MiniProjectDevops\TestCases\TestCase.robot">
<test id="s1-s1-t1" name="TEST" line="6">
<kw name="Open Browser" library="SeleniumLibrary">
<arg>${url}</arg>
<arg>${browser}</arg>
<doc>Opens a new browser instance to the optional ``url``.</doc>
<msg timestamp="20230707 14:27:18.789" level="INFO">Opening browser 'edge' to base url 'https://www.orangehrm.com/'.</msg>
<msg timestamp="20230707 14:27:18.796" level="INFO">Applicable driver not found; attempting to install with Selenium Manager (Beta)</msg>
<status status="PASS" starttime="20230707 14:27:18.783" endtime="20230707 14:27:33.871"/>
</kw>
<kw name="Maximize Browser Window" library="SeleniumLibrary">
<doc>Maximizes current browser window.</doc>
<status status="PASS" starttime="20230707 14:27:33.873" endtime="20230707 14:27:34.089"/>
</kw>
<kw name="Click Element" library="SeleniumLibrary">
<arg>xpath=//input[@id='Form_submitForm_action_request']</arg>
<doc>Click the element identified by ``locator``.</doc>
<msg timestamp="20230707 14:27:34.093" level="INFO">Clicking element 'xpath=//input[@id='Form_submitForm_action_request']'.</msg>
<status status="PASS" starttime="20230707 14:27:34.089" endtime="20230707 14:27:38.238"/>
</kw>
<kw name="Click Element" library="SeleniumLibrary">
<arg>xpath://div[@class='free-trial-section']</arg>
<doc>Click the element identified by ``locator``.</doc>
<msg timestamp="20230707 14:27:38.243" level="INFO">Clicking element 'xpath://div[@class='free-trial-section']'.</msg>
<status status="PASS" starttime="20230707 14:27:38.238" endtime="20230707 14:27:38.341"/>
</kw>
<kw name="Sleep" library="BuiltIn">
<arg>4s</arg>
<doc>Pauses the test executed for the given time.</doc>
<msg timestamp="20230707 14:27:42.343" level="INFO">Slept 4 seconds</msg>
<status status="PASS" starttime="20230707 14:27:38.342" endtime="20230707 14:27:42.343"/>
</kw>
<status status="PASS" starttime="20230707 14:27:18.783" endtime="20230707 14:27:42.343"/>
</test>
<status status="PASS" starttime="20230707 14:27:18.203" endtime="20230707 14:27:42.350"/>
</suite>
<status status="PASS" starttime="20230707 14:27:18.140" endtime="20230707 14:27:42.359"/>
</suite>
<statistics>
<total>
<stat pass="1" fail="0" skip="0">All Tests</stat>
</total>
<tag>
</tag>
<suite>
<stat pass="1" fail="0" skip="0" id="s1" name="TestCases">TestCases</stat>
<stat pass="1" fail="0" skip="0" id="s1-s1" name="TestCase">TestCases.TestCase</stat>
</suite>
</statistics>
<errors>
</errors>
</robot>
